TN:
SF:src\services\conflictPreviewService.ts
FN:72,(anonymous_0)
FN:85,(anonymous_1)
FN:92,(anonymous_2)
FN:97,(anonymous_3)
FN:98,(anonymous_4)
FN:154,(anonymous_5)
FN:174,(anonymous_6)
FN:180,(anonymous_7)
FN:181,(anonymous_8)
FN:209,(anonymous_9)
FNF:10
FNH:10
FNDA:38,(anonymous_0)
FNDA:29,(anonymous_1)
FNDA:38,(anonymous_2)
FNDA:133,(anonymous_3)
FNDA:103,(anonymous_4)
FNDA:17,(anonymous_5)
FNDA:19,(anonymous_6)
FNDA:102,(anonymous_7)
FNDA:207,(anonymous_8)
FNDA:15,(anonymous_9)
DA:27,2
DA:30,2
DA:73,38
DA:86,29
DA:87,29
DA:88,29
DA:90,29
DA:91,24
DA:92,38
DA:95,24
DA:96,24
DA:97,133
DA:98,103
DA:100,24
DA:102,24
DA:103,38
DA:104,38
DA:106,38
DA:107,3
DA:110,35
DA:111,127
DA:112,14
DA:113,14
DA:114,14
DA:121,14
DA:137,24
DA:161,17
DA:162,2
DA:164,15
DA:180,102
DA:181,207
DA:183,19
DA:184,19
DA:186,19
DA:187,222
DA:188,222
DA:190,222
DA:191,10231
DA:192,205
DA:193,205
DA:194,205
DA:198,222
DA:199,17
DA:203,2
DA:215,15
DA:217,1
DA:219,1
DA:222,13
LF:48
LH:48
BRDA:73,0,0,38
BRDA:73,0,1,7
BRDA:87,1,0,29
BRDA:87,1,1,26
BRDA:92,2,0,38
BRDA:92,2,1,35
BRDA:106,3,0,3
BRDA:106,4,0,38
BRDA:106,4,1,35
BRDA:111,5,0,14
BRDA:111,6,0,127
BRDA:111,6,1,16
BRDA:161,7,0,2
BRDA:161,8,0,17
BRDA:161,8,1,3
BRDA:180,9,0,19
BRDA:180,9,1,3
BRDA:191,10,0,205
BRDA:191,11,0,10231
BRDA:191,11,1,10230
BRDA:198,12,0,17
BRDA:215,13,0,1
BRDA:215,13,1,1
BRDA:215,13,2,13
BRDA:215,13,3,13
BRF:25
BRH:25
end_of_record
