TN:
SF:src\services\conflictPreviewService.ts
FN:72,(anonymous_0)
FN:85,(anonymous_1)
FN:92,(anonymous_2)
FN:97,(anonymous_3)
FN:98,(anonymous_4)
FN:154,(anonymous_5)
FN:174,(anonymous_6)
FN:180,(anonymous_7)
FN:181,(anonymous_8)
FN:209,(anonymous_9)
FNF:10
FNH:9
FNDA:34,(anonymous_0)
FNDA:28,(anonymous_1)
FNDA:33,(anonymous_2)
FNDA:133,(anonymous_3)
FNDA:103,(anonymous_4)
FNDA:17,(anonymous_5)
FNDA:17,(anonymous_6)
FNDA:0,(anonymous_7)
FNDA:107,(anonymous_8)
FNDA:14,(anonymous_9)
DA:27,2
DA:30,2
DA:73,34
DA:86,28
DA:87,28
DA:88,28
DA:90,28
DA:91,23
DA:92,33
DA:95,23
DA:96,23
DA:97,133
DA:98,103
DA:100,23
DA:102,23
DA:103,33
DA:104,33
DA:106,33
DA:107,0
DA:110,33
DA:111,127
DA:112,14
DA:113,14
DA:114,14
DA:121,14
DA:137,23
DA:161,17
DA:162,2
DA:164,15
DA:180,17
DA:181,107
DA:183,17
DA:184,17
DA:186,17
DA:187,120
DA:188,120
DA:190,120
DA:191,5179
DA:192,104
DA:193,104
DA:194,104
DA:198,120
DA:199,16
DA:203,1
DA:215,14
DA:217,1
DA:219,0
DA:222,13
LF:48
LH:46
BRDA:73,0,0,34
BRDA:73,0,1,7
BRDA:87,1,0,28
BRDA:87,1,1,25
BRDA:92,2,0,33
BRDA:92,2,1,33
BRDA:106,3,0,0
BRDA:106,4,0,33
BRDA:106,4,1,33
BRDA:111,5,0,14
BRDA:111,6,0,127
BRDA:111,6,1,16
BRDA:161,7,0,2
BRDA:161,8,0,17
BRDA:161,8,1,3
BRDA:180,9,0,17
BRDA:180,9,1,1
BRDA:191,10,0,104
BRDA:191,11,0,5179
BRDA:191,11,1,5178
BRDA:198,12,0,16
BRDA:215,13,0,1
BRDA:215,13,1,0
BRDA:215,13,2,13
BRDA:215,13,3,13
BRF:25
BRH:23
end_of_record
